C51 COMPILER V9.00   ROTATE_LED                                                            02/02/2021 11:52:11 PAGE 1   


C51 COMPILER V9.00, COMPILATION OF MODULE ROTATE_LED
OBJECT MODULE PLACED IN rotate_led.OBJ
COMPILER INVOKED BY: C:\Keil\C51\BIN\C51.EXE rotate_led.c BROWSE DEBUG OBJECTEXTEND

line level    source

   1          
   2                        ////led------Port P0 ////
   3          
   4          # include<reg51.h>
   5          void delay();
   6          void main()
   7          {        while(1)
   8   1      {
   9   2      P0=0X01;
  10   2      delay();
  11   2      P0=0X02;
  12   2      delay();
  13   2      P0=0X04;
  14   2      delay();                        
  15   2      P0=0X08;
  16   2      delay();
  17   2      P0=0X80;
  18   2      delay();
  19   2      P0=0X40;
  20   2      delay();
  21   2      P0=0X20;
  22   2      delay();
  23   2      P0=0X10;
  24   2      delay();
  25   2      }}
  26          void delay()
  27          {
  28   1      int i;
  29   1      for(i=0;i<=30000;i++);
  30   1      }
  31          


MODULE INFORMATION:   STATIC OVERLAYABLE
   CODE SIZE        =     65    ----
   CONSTANT SIZE    =   ----    ----
   XDATA SIZE       =   ----    ----
   PDATA SIZE       =   ----    ----
   DATA SIZE        =   ----    ----
   IDATA SIZE       =   ----    ----
   BIT SIZE         =   ----    ----
END OF MODULE INFORMATION.


C51 COMPILATION COMPLETE.  0 WARNING(S),  0 ERROR(S)
