C51 COMPILER V9.00   Q10                                                                   02/18/2021 14:40:30 PAGE 1   


C51 COMPILER V9.00, COMPILATION OF MODULE Q10
OBJECT MODULE PLACED IN Q10.OBJ
COMPILER INVOKED BY: C:\Keil\C51\BIN\C51.EXE Q10.c BROWSE DEBUG OBJECTEXTEND

line level    source

   1          #include<reg51.h>
   2          
   3          sbit R0= P1^0;
   4          
   5          sbit R1= P1^1;
   6          
   7          sbit R2= P1^2;
   8          
   9          sbit R3= P1^3;
  10          
  11          
  12          sbit C0= P1^4;
  13          
  14          sbit C1= P1^5;
  15          
  16          sbit C2= P1^6;
  17          
  18          void seg(unsigned int);
  19          
  20          void main()
  21          
  22          {
  23   1      
  24   1      R0=R1=R2=R3=1;
  25   1      
  26   1      R0=0;
  27   1      
  28   1      if (C0==0)
  29   1      
  30   1      seg(0xF9);
  31   1      
  32   1      R0=R1=R2=R3=1;
  33   1      
  34   1      R1 =0;
  35   1      
  36   1      if (C1 ==0)
  37   1      
  38   1       seg(0xA4);
  39   1      
  40   1      R0=R1=R2=R3=1;
  41   1      
  42   1      R2=0;
  43   1      
  44   1      if(C2 == 0)
  45   1      
  46   1       seg (0xB0);
  47   1      
  48   1      R0=R1=R2=R3=1;
  49   1      
  50   1      R1=0;
  51   1      
  52   1      if(C0== 0 )
  53   1      
  54   1      seg (0x99);
  55   1      
C51 COMPILER V9.00   Q10                                                                   02/18/2021 14:40:30 PAGE 2   

  56   1      R0=R1=R2=R3=0;
  57   1      
  58   1      R1 = 0;
  59   1      
  60   1      if (C1==0)
  61   1      
  62   1      seg(0X92);
  63   1      
  64   1      R0=R1=R2=R3=0;
  65   1      
  66   1      R1 = 0;
  67   1      
  68   1      if (C2==0)
  69   1      
  70   1      seg(0X82);
  71   1      
  72   1      R0=R1=R2=R3=0;
  73   1      
  74   1      R2 = 0;
  75   1      
  76   1      if (C0==0)
  77   1      
  78   1      seg(0XF8);
  79   1      
  80   1      R0=R1=R2=R3=0;
  81   1      
  82   1      R2 = 0;
  83   1      
  84   1      if (C1==0)
  85   1      
  86   1      seg(0X80);
  87   1      
  88   1      R0=R1=R2=R3=0;
  89   1      
  90   1      R2 = 0;
  91   1      
  92   1      if (C2==0)
  93   1      
  94   1      seg(0X90);
  95   1      
  96   1      R0=R1=R2=R3=0;
  97   1      
  98   1      R3 = 0;
  99   1      
 100   1      if (C1==0)
 101   1      
 102   1      seg(0XC0);
 103   1      
 104   1      }
 105          
 106          
 107          void seg (unsigned int ch)
 108          
 109          {
 110   1      
 111   1      P2=0x00;
 112   1      
 113   1      P2 = ch;
 114   1      
 115   1      }


C51 COMPILER V9.00   Q10                                                                   02/18/2021 14:40:30 PAGE 3   

MODULE INFORMATION:   STATIC OVERLAYABLE
   CODE SIZE        =    207    ----
   CONSTANT SIZE    =   ----    ----
   XDATA SIZE       =   ----    ----
   PDATA SIZE       =   ----    ----
   DATA SIZE        =   ----    ----
   IDATA SIZE       =   ----    ----
   BIT SIZE         =   ----    ----
END OF MODULE INFORMATION.


C51 COMPILATION COMPLETE.  0 WARNING(S),  0 ERROR(S)
