C51 COMPILER V9.00   Q3                                                                    02/02/2021 15:11:23 PAGE 1   


C51 COMPILER V9.00, COMPILATION OF MODULE Q3
OBJECT MODULE PLACED IN Q3.OBJ
COMPILER INVOKED BY: C:\Keil\C51\BIN\C51.EXE Q3.c BROWSE DEBUG OBJECTEXTEND

line level    source

   1          
   2          
   3          
   4          ////relay buzzer------Port P1//////
   5          #include<reg51.h>
   6          void delay()
   7          {
   8   1              int j;
   9   1              for(j=0;j<20000;j++);
  10   1      }
  11          void main()
  12          { 
  13   1              char k;
  14   1      //      while(1)
  15   1              //{
  16   1                      P1=0x01;
  17   1                      delay();
  18   1                      //for(k=0;k<3;k++)
  19   1                      //{
  20   1                              P1=P1<<1;
  21   1                              //delay();
  22   1                      //}
  23   1      //      }
  24   1      }
*** WARNING C280 IN LINE 13 OF Q3.C: 'k': unreferenced local variable


MODULE INFORMATION:   STATIC OVERLAYABLE
   CODE SIZE        =     28    ----
   CONSTANT SIZE    =   ----    ----
   XDATA SIZE       =   ----    ----
   PDATA SIZE       =   ----    ----
   DATA SIZE        =   ----       1
   IDATA SIZE       =   ----    ----
   BIT SIZE         =   ----    ----
END OF MODULE INFORMATION.


C51 COMPILATION COMPLETE.  1 WARNING(S),  0 ERROR(S)
