C51 COMPILER V9.00   Q7                                                                    02/02/2021 15:59:00 PAGE 1   


C51 COMPILER V9.00, COMPILATION OF MODULE Q7
OBJECT MODULE PLACED IN Q7.OBJ
COMPILER INVOKED BY: C:\Keil\C51\BIN\C51.EXE Q7.c BROWSE DEBUG OBJECTEXTEND

line level    source

   1          
   2                        ////led------Port P0 ////
   3          
   4          # include<reg51.h>
   5          void delay();
   6          void main()
   7          {        while(1)
   8   1      {
   9   2      P0=0X11;
  10   2      delay();
  11   2      P0=0X22;
  12   2      delay();
  13   2      P0=0X44;
  14   2      delay();                        
  15   2      P0=0X88;
  16   2      delay();
  17   2      }}
  18          void delay()
  19          {
  20   1      int i;
  21   1      for(i=0;i<=30000;i++);
  22   1      }


MODULE INFORMATION:   STATIC OVERLAYABLE
   CODE SIZE        =     41    ----
   CONSTANT SIZE    =   ----    ----
   XDATA SIZE       =   ----    ----
   PDATA SIZE       =   ----    ----
   DATA SIZE        =   ----    ----
   IDATA SIZE       =   ----    ----
   BIT SIZE         =   ----    ----
END OF MODULE INFORMATION.


C51 COMPILATION COMPLETE.  0 WARNING(S),  0 ERROR(S)
